<?xml version="1.0" encoding="UTF-8"?>
<!-- Generated by org.testng.reporters.JUnitXMLReporter -->
<testsuite ignored="0" hostname="LAPTOP-LD0UQO0J" failures="1" tests="3" name="Test" time="12.682" errors="0" timestamp="28 Oct 2021 20:57:44 GMT">
  <testcase classname="AllureReports.Tests" name="Login" time="2.6"/>
  <testcase classname="AllureReports.Tests" name="VerifyTitle" time="2.168">
    <failure type="java.lang.AssertionError" message="expected [OrangeHRM2] but found [OrangeHRM]">
      <![CDATA[java.lang.AssertionError: expected [OrangeHRM2] but found [OrangeHRM]
at AllureReports.Tests.VerifyTitle(Tests.java:54)
... Removed 31 stack frames]]>
    </failure>
  </testcase> <!-- VerifyTitle -->
  <testcase classname="AllureReports.Tests" name="registeration" time="0.005">
    <skipped/>
  </testcase> <!-- registeration -->
</testsuite> <!-- Test -->
